build/app/intermediates/manifest_merge_blame_file/debug/manifest-merger-blame-debug-report.txt
1<?xml version="1.0" encoding="utf-8"?>
2<manifest xmlns:android="http://schemas.android.com/apk/res/android"
3    package="com.mycompany.aproom"
4    android:versionCode="1"
5    android:versionName="1.0.0" >
6
7    <uses-sdk
8        android:minSdkVersion="23"
9        android:targetSdkVersion="34" />
10    <!--
11         Flutter needs it to communicate with the running application
12         to allow setting breakpoints, to provide hot reload, etc.
13    -->
14    <uses-permission android:name="android.permission.INTERNET" />
14-->src\main\AndroidManifest.xml:4:5-66
14-->src\main\AndroidManifest.xml:4:22-64
15    <uses-permission android:name="android.permission.ACCESS_NETWORK_STATE" />
15-->[com.google.firebase:firebase-auth:23.1.0] AndroidManifest.xml:26:5-79
15-->[com.google.firebase:firebase-auth:23.1.0] AndroidManifest.xml:26:22-76
16    <uses-permission android:name="com.google.android.providers.gsf.permission.READ_GSERVICES" />
16-->[com.google.android.recaptcha:recaptcha:18.5.1] AndroidManifest.xml:9:5-98
16-->[com.google.android.recaptcha:recaptcha:18.5.1] AndroidManifest.xml:9:22-95
17
18    <permission
18-->[androidx.core:core:1.13.1] AndroidManifest.xml:22:5-24:47
19        android:name="com.mycompany.aproom.DYNAMIC_RECEIVER_NOT_EXPORTED_PERMISSION"
19-->[androidx.core:core:1.13.1] AndroidManifest.xml:23:9-81
20        android:protectionLevel="signature" />
20-->[androidx.core:core:1.13.1] AndroidManifest.xml:24:9-44
21
22    <uses-permission android:name="com.mycompany.aproom.DYNAMIC_RECEIVER_NOT_EXPORTED_PERMISSION" />
22-->[androidx.core:core:1.13.1] AndroidManifest.xml:26:5-97
22-->[androidx.core:core:1.13.1] AndroidManifest.xml:26:22-94
23
24    <application
24-->src\main\AndroidManifest.xml:7:5-62:19
25        android:appComponentFactory="androidx.core.app.CoreComponentFactory"
25-->[androidx.core:core:1.13.1] AndroidManifest.xml:28:18-86
26        android:debuggable="true"
27        android:extractNativeLibs="false"
28        android:icon="@mipmap/ic_launcher"
28-->src\main\AndroidManifest.xml:10:9-43
29        android:label="APRoom"
29-->src\main\AndroidManifest.xml:8:9-31
30        android:requestLegacyExternalStorage="true" >
30-->src\main\AndroidManifest.xml:11:9-52
31        <activity
31-->src\main\AndroidManifest.xml:13:9-51:20
32            android:name="com.mycompany.aproom.MainActivity"
32-->src\main\AndroidManifest.xml:14:13-41
33            android:configChanges="orientation|keyboardHidden|keyboard|screenSize|smallestScreenSize|locale|layoutDirection|fontScale|screenLayout|density|uiMode"
33-->src\main\AndroidManifest.xml:18:13-163
34            android:exported="true"
34-->src\main\AndroidManifest.xml:15:13-36
35            android:hardwareAccelerated="true"
35-->src\main\AndroidManifest.xml:19:13-47
36            android:launchMode="singleTop"
36-->src\main\AndroidManifest.xml:16:13-43
37            android:theme="@style/LaunchTheme"
37-->src\main\AndroidManifest.xml:17:13-47
38            android:windowSoftInputMode="adjustResize" >
38-->src\main\AndroidManifest.xml:20:13-55
39
40            <!--
41                 Specifies an Android theme to apply to this Activity as soon as
42                 the Android process has started. This theme is visible to the user
43                 while the Flutter UI initializes. After that, this theme continues
44                 to determine the Window background behind the Flutter UI.
45            -->
46            <meta-data
46-->src\main\AndroidManifest.xml:25:13-28:17
47                android:name="io.flutter.embedding.android.NormalTheme"
47-->src\main\AndroidManifest.xml:26:15-70
48                android:resource="@style/NormalTheme" />
48-->src\main\AndroidManifest.xml:27:15-52
49            <!--
50                 Displays an Android View that continues showing the launch screen
51                 Drawable until Flutter paints its first frame, then this splash
52                 screen fades out. A splash screen is useful to avoid any visual
53                 gap between the end of Android's launch screen and the painting of
54                 Flutter's first frame.
55            -->
56            <meta-data
56-->src\main\AndroidManifest.xml:34:13-37:17
57                android:name="io.flutter.embedding.android.SplashScreenDrawable"
57-->src\main\AndroidManifest.xml:35:15-79
58                android:resource="@drawable/launch_background" />
58-->src\main\AndroidManifest.xml:36:15-61
59
60            <intent-filter>
60-->src\main\AndroidManifest.xml:38:13-41:29
61                <action android:name="android.intent.action.MAIN" />
61-->src\main\AndroidManifest.xml:39:17-68
61-->src\main\AndroidManifest.xml:39:25-66
62
63                <category android:name="android.intent.category.LAUNCHER" />
63-->src\main\AndroidManifest.xml:40:17-76
63-->src\main\AndroidManifest.xml:40:27-74
64            </intent-filter>
65            <!-- Deep linking -->
66            <meta-data
66-->src\main\AndroidManifest.xml:43:13-90
67                android:name="flutter_deeplinking_enabled"
67-->src\main\AndroidManifest.xml:43:24-66
68                android:value="true" />
68-->src\main\AndroidManifest.xml:43:67-87
69
70            <intent-filter android:autoVerify="true" >
70-->src\main\AndroidManifest.xml:44:13-49:29
70-->src\main\AndroidManifest.xml:44:28-53
71                <action android:name="android.intent.action.VIEW" />
71-->src\main\AndroidManifest.xml:45:17-69
71-->src\main\AndroidManifest.xml:45:25-66
72
73                <category android:name="android.intent.category.DEFAULT" />
73-->src\main\AndroidManifest.xml:46:17-76
73-->src\main\AndroidManifest.xml:46:27-73
74                <category android:name="android.intent.category.BROWSABLE" />
74-->src\main\AndroidManifest.xml:47:17-78
74-->src\main\AndroidManifest.xml:47:27-75
75
76                <data
76-->src\main\AndroidManifest.xml:48:17-75
77                    android:host="aproom.com"
77-->src\main\AndroidManifest.xml:48:47-72
78                    android:scheme="aproom" />
78-->src\main\AndroidManifest.xml:48:23-46
79            </intent-filter>
80        </activity>
81
82        <!--
83             Don't delete the meta-data below.
84             This is used by the Flutter tool to generate GeneratedPluginRegistrant.java
85        -->
86        <meta-data
86-->src\main\AndroidManifest.xml:55:9-57:33
87            android:name="flutterEmbedding"
87-->src\main\AndroidManifest.xml:56:13-44
88            android:value="2" />
88-->src\main\AndroidManifest.xml:57:13-30
89
90        <service
90-->[:firebase_auth] AndroidManifest.xml:8:9-12:19
91            android:name="com.google.firebase.components.ComponentDiscoveryService"
91-->[:firebase_auth] AndroidManifest.xml:8:18-89
92            android:directBootAware="true"
92-->[com.google.firebase:firebase-common:21.0.0] AndroidManifest.xml:32:13-43
93            android:exported="false" >
93-->[com.google.firebase:firebase-perf:21.0.2] AndroidManifest.xml:13:13-37
94            <meta-data
94-->[:firebase_auth] AndroidManifest.xml:9:13-11:85
95                android:name="com.google.firebase.components:io.flutter.plugins.firebase.auth.FlutterFirebaseAuthRegistrar"
95-->[:firebase_auth] AndroidManifest.xml:10:17-124
96                android:value="com.google.firebase.components.ComponentRegistrar" />
96-->[:firebase_auth] AndroidManifest.xml:11:17-82
97            <meta-data
97-->[:firebase_performance] AndroidManifest.xml:11:13-13:85
98                android:name="com.google.firebase.components:io.flutter.plugins.firebase.performance.FlutterFirebaseAppRegistrar"
98-->[:firebase_performance] AndroidManifest.xml:12:17-130
99                android:value="com.google.firebase.components.ComponentRegistrar" />
99-->[:firebase_performance] AndroidManifest.xml:13:17-82
100            <meta-data
100-->[:firebase_core] AndroidManifest.xml:9:13-11:85
101                android:name="com.google.firebase.components:io.flutter.plugins.firebase.core.FlutterFirebaseCoreRegistrar"
101-->[:firebase_core] AndroidManifest.xml:10:17-124
102                android:value="com.google.firebase.components.ComponentRegistrar" />
102-->[:firebase_core] AndroidManifest.xml:11:17-82
103            <meta-data
103-->[com.google.firebase:firebase-perf:21.0.2] AndroidManifest.xml:14:13-16:85
104                android:name="com.google.firebase.components:com.google.firebase.perf.FirebasePerfKtxRegistrar"
104-->[com.google.firebase:firebase-perf:21.0.2] AndroidManifest.xml:15:17-112
105                android:value="com.google.firebase.components.ComponentRegistrar" />
105-->[com.google.firebase:firebase-perf:21.0.2] AndroidManifest.xml:16:17-82
106            <meta-data
106-->[com.google.firebase:firebase-perf:21.0.2] AndroidManifest.xml:17:13-19:85
107                android:name="com.google.firebase.components:com.google.firebase.perf.FirebasePerfRegistrar"
107-->[com.google.firebase:firebase-perf:21.0.2] AndroidManifest.xml:18:17-109
108                android:value="com.google.firebase.components.ComponentRegistrar" />
108-->[com.google.firebase:firebase-perf:21.0.2] AndroidManifest.xml:19:17-82
109            <meta-data
109-->[com.google.firebase:firebase-sessions:2.0.0] AndroidManifest.xml:29:13-31:85
110                android:name="com.google.firebase.components:com.google.firebase.sessions.FirebaseSessionsRegistrar"
110-->[com.google.firebase:firebase-sessions:2.0.0] AndroidManifest.xml:30:17-117
111                android:value="com.google.firebase.components.ComponentRegistrar" />
111-->[com.google.firebase:firebase-sessions:2.0.0] AndroidManifest.xml:31:17-82
112            <meta-data
112-->[com.google.firebase:firebase-auth:23.1.0] AndroidManifest.xml:69:13-71:85
113                android:name="com.google.firebase.components:com.google.firebase.auth.FirebaseAuthRegistrar"
113-->[com.google.firebase:firebase-auth:23.1.0] AndroidManifest.xml:70:17-109
114                android:value="com.google.firebase.components.ComponentRegistrar" />
114-->[com.google.firebase:firebase-auth:23.1.0] AndroidManifest.xml:71:17-82
115            <meta-data
115-->[com.google.firebase:firebase-config:22.0.1] AndroidManifest.xml:29:13-31:85
116                android:name="com.google.firebase.components:com.google.firebase.remoteconfig.FirebaseRemoteConfigKtxRegistrar"
116-->[com.google.firebase:firebase-config:22.0.1] AndroidManifest.xml:30:17-128
117                android:value="com.google.firebase.components.ComponentRegistrar" />
117-->[com.google.firebase:firebase-config:22.0.1] AndroidManifest.xml:31:17-82
118            <meta-data
118-->[com.google.firebase:firebase-config:22.0.1] AndroidManifest.xml:32:13-34:85
119                android:name="com.google.firebase.components:com.google.firebase.remoteconfig.RemoteConfigRegistrar"
119-->[com.google.firebase:firebase-config:22.0.1] AndroidManifest.xml:33:17-117
120                android:value="com.google.firebase.components.ComponentRegistrar" />
120-->[com.google.firebase:firebase-config:22.0.1] AndroidManifest.xml:34:17-82
121            <meta-data
121-->[com.google.firebase:firebase-installations:18.0.0] AndroidManifest.xml:15:13-17:85
122                android:name="com.google.firebase.components:com.google.firebase.installations.FirebaseInstallationsKtxRegistrar"
122-->[com.google.firebase:firebase-installations:18.0.0] AndroidManifest.xml:16:17-130
123                android:value="com.google.firebase.components.ComponentRegistrar" />
123-->[com.google.firebase:firebase-installations:18.0.0] AndroidManifest.xml:17:17-82
124            <meta-data
124-->[com.google.firebase:firebase-installations:18.0.0] AndroidManifest.xml:18:13-20:85
125                android:name="com.google.firebase.components:com.google.firebase.installations.FirebaseInstallationsRegistrar"
125-->[com.google.firebase:firebase-installations:18.0.0] AndroidManifest.xml:19:17-127
126                android:value="com.google.firebase.components.ComponentRegistrar" />
126-->[com.google.firebase:firebase-installations:18.0.0] AndroidManifest.xml:20:17-82
127            <meta-data
127-->[com.google.firebase:firebase-common-ktx:21.0.0] AndroidManifest.xml:12:13-14:85
128                android:name="com.google.firebase.components:com.google.firebase.ktx.FirebaseCommonLegacyRegistrar"
128-->[com.google.firebase:firebase-common-ktx:21.0.0] AndroidManifest.xml:13:17-116
129                android:value="com.google.firebase.components.ComponentRegistrar" />
129-->[com.google.firebase:firebase-common-ktx:21.0.0] AndroidManifest.xml:14:17-82
130            <meta-data
130-->[com.google.firebase:firebase-datatransport:18.1.8] AndroidManifest.xml:27:13-29:85
131                android:name="com.google.firebase.components:com.google.firebase.datatransport.TransportRegistrar"
131-->[com.google.firebase:firebase-datatransport:18.1.8] AndroidManifest.xml:28:17-115
132                android:value="com.google.firebase.components.ComponentRegistrar" />
132-->[com.google.firebase:firebase-datatransport:18.1.8] AndroidManifest.xml:29:17-82
133            <meta-data
133-->[com.google.firebase:firebase-common:21.0.0] AndroidManifest.xml:35:13-37:85
134                android:name="com.google.firebase.components:com.google.firebase.FirebaseCommonKtxRegistrar"
134-->[com.google.firebase:firebase-common:21.0.0] AndroidManifest.xml:36:17-109
135                android:value="com.google.firebase.components.ComponentRegistrar" />
135-->[com.google.firebase:firebase-common:21.0.0] AndroidManifest.xml:37:17-82
136            <meta-data
136-->[com.google.firebase:firebase-abt:21.1.1] AndroidManifest.xml:12:13-14:85
137                android:name="com.google.firebase.components:com.google.firebase.abt.component.AbtRegistrar"
137-->[com.google.firebase:firebase-abt:21.1.1] AndroidManifest.xml:13:17-109
138                android:value="com.google.firebase.components.ComponentRegistrar" />
138-->[com.google.firebase:firebase-abt:21.1.1] AndroidManifest.xml:14:17-82
139        </service>
140
141        <activity
141-->[:url_launcher_android] AndroidManifest.xml:8:9-11:74
142            android:name="io.flutter.plugins.urllauncher.WebViewActivity"
142-->[:url_launcher_android] AndroidManifest.xml:9:13-74
143            android:exported="false"
143-->[:url_launcher_android] AndroidManifest.xml:10:13-37
144            android:theme="@android:style/Theme.NoTitleBar.Fullscreen" />
144-->[:url_launcher_android] AndroidManifest.xml:11:13-71
145
146        <service
146-->[com.google.firebase:firebase-sessions:2.0.0] AndroidManifest.xml:22:9-25:40
147            android:name="com.google.firebase.sessions.SessionLifecycleService"
147-->[com.google.firebase:firebase-sessions:2.0.0] AndroidManifest.xml:23:13-80
148            android:enabled="true"
148-->[com.google.firebase:firebase-sessions:2.0.0] AndroidManifest.xml:24:13-35
149            android:exported="false" />
149-->[com.google.firebase:firebase-sessions:2.0.0] AndroidManifest.xml:25:13-37
150
151        <activity
151-->[com.google.firebase:firebase-auth:23.1.0] AndroidManifest.xml:29:9-46:20
152            android:name="com.google.firebase.auth.internal.GenericIdpActivity"
152-->[com.google.firebase:firebase-auth:23.1.0] AndroidManifest.xml:30:13-80
153            android:excludeFromRecents="true"
153-->[com.google.firebase:firebase-auth:23.1.0] AndroidManifest.xml:31:13-46
154            android:exported="true"
154-->[com.google.firebase:firebase-auth:23.1.0] AndroidManifest.xml:32:13-36
155            android:launchMode="singleTask"
155-->[com.google.firebase:firebase-auth:23.1.0] AndroidManifest.xml:33:13-44
156            android:theme="@android:style/Theme.Translucent.NoTitleBar" >
156-->[com.google.firebase:firebase-auth:23.1.0] AndroidManifest.xml:34:13-72
157            <intent-filter>
157-->[com.google.firebase:firebase-auth:23.1.0] AndroidManifest.xml:35:13-45:29
158                <action android:name="android.intent.action.VIEW" />
158-->src\main\AndroidManifest.xml:45:17-69
158-->src\main\AndroidManifest.xml:45:25-66
159
160                <category android:name="android.intent.category.DEFAULT" />
160-->src\main\AndroidManifest.xml:46:17-76
160-->src\main\AndroidManifest.xml:46:27-73
161                <category android:name="android.intent.category.BROWSABLE" />
161-->src\main\AndroidManifest.xml:47:17-78
161-->src\main\AndroidManifest.xml:47:27-75
162
163                <data
163-->src\main\AndroidManifest.xml:48:17-75
164                    android:host="firebase.auth"
164-->src\main\AndroidManifest.xml:48:47-72
165                    android:path="/"
166                    android:scheme="genericidp" />
166-->src\main\AndroidManifest.xml:48:23-46
167            </intent-filter>
168        </activity>
169        <activity
169-->[com.google.firebase:firebase-auth:23.1.0] AndroidManifest.xml:47:9-64:20
170            android:name="com.google.firebase.auth.internal.RecaptchaActivity"
170-->[com.google.firebase:firebase-auth:23.1.0] AndroidManifest.xml:48:13-79
171            android:excludeFromRecents="true"
171-->[com.google.firebase:firebase-auth:23.1.0] AndroidManifest.xml:49:13-46
172            android:exported="true"
172-->[com.google.firebase:firebase-auth:23.1.0] AndroidManifest.xml:50:13-36
173            android:launchMode="singleTask"
173-->[com.google.firebase:firebase-auth:23.1.0] AndroidManifest.xml:51:13-44
174            android:theme="@android:style/Theme.Translucent.NoTitleBar" >
174-->[com.google.firebase:firebase-auth:23.1.0] AndroidManifest.xml:52:13-72
175            <intent-filter>
175-->[com.google.firebase:firebase-auth:23.1.0] AndroidManifest.xml:53:13-63:29
176                <action android:name="android.intent.action.VIEW" />
176-->src\main\AndroidManifest.xml:45:17-69
176-->src\main\AndroidManifest.xml:45:25-66
177
178                <category android:name="android.intent.category.DEFAULT" />
178-->src\main\AndroidManifest.xml:46:17-76
178-->src\main\AndroidManifest.xml:46:27-73
179                <category android:name="android.intent.category.BROWSABLE" />
179-->src\main\AndroidManifest.xml:47:17-78
179-->src\main\AndroidManifest.xml:47:27-75
180
181                <data
181-->src\main\AndroidManifest.xml:48:17-75
182                    android:host="firebase.auth"
182-->src\main\AndroidManifest.xml:48:47-72
183                    android:path="/"
184                    android:scheme="recaptcha" />
184-->src\main\AndroidManifest.xml:48:23-46
185            </intent-filter>
186        </activity>
187
188        <service
188-->[com.google.android.datatransport:transport-backend-cct:3.1.9] AndroidManifest.xml:28:9-34:19
189            android:name="com.google.android.datatransport.runtime.backends.TransportBackendDiscovery"
189-->[com.google.android.datatransport:transport-backend-cct:3.1.9] AndroidManifest.xml:29:13-103
190            android:exported="false" >
190-->[com.google.android.datatransport:transport-backend-cct:3.1.9] AndroidManifest.xml:30:13-37
191            <meta-data
191-->[com.google.android.datatransport:transport-backend-cct:3.1.9] AndroidManifest.xml:31:13-33:39
192                android:name="backend:com.google.android.datatransport.cct.CctBackendFactory"
192-->[com.google.android.datatransport:transport-backend-cct:3.1.9] AndroidManifest.xml:32:17-94
193                android:value="cct" />
193-->[com.google.android.datatransport:transport-backend-cct:3.1.9] AndroidManifest.xml:33:17-36
194        </service>
195        <service
195-->[androidx.credentials:credentials-play-services-auth:1.2.0-rc01] AndroidManifest.xml:24:9-32:19
196            android:name="androidx.credentials.playservices.CredentialProviderMetadataHolder"
196-->[androidx.credentials:credentials-play-services-auth:1.2.0-rc01] AndroidManifest.xml:25:13-94
197            android:enabled="true"
197-->[androidx.credentials:credentials-play-services-auth:1.2.0-rc01] AndroidManifest.xml:26:13-35
198            android:exported="false" >
198-->[androidx.credentials:credentials-play-services-auth:1.2.0-rc01] AndroidManifest.xml:27:13-37
199            <meta-data
199-->[androidx.credentials:credentials-play-services-auth:1.2.0-rc01] AndroidManifest.xml:29:13-31:104
200                android:name="androidx.credentials.CREDENTIAL_PROVIDER_KEY"
200-->[androidx.credentials:credentials-play-services-auth:1.2.0-rc01] AndroidManifest.xml:30:17-76
201                android:value="androidx.credentials.playservices.CredentialProviderPlayServicesImpl" />
201-->[androidx.credentials:credentials-play-services-auth:1.2.0-rc01] AndroidManifest.xml:31:17-101
202        </service>
203
204        <activity
204-->[androidx.credentials:credentials-play-services-auth:1.2.0-rc01] AndroidManifest.xml:34:9-41:20
205            android:name="androidx.credentials.playservices.HiddenActivity"
205-->[androidx.credentials:credentials-play-services-auth:1.2.0-rc01] AndroidManifest.xml:35:13-76
206            android:configChanges="orientation|screenSize|screenLayout|keyboardHidden"
206-->[androidx.credentials:credentials-play-services-auth:1.2.0-rc01] AndroidManifest.xml:36:13-87
207            android:enabled="true"
207-->[androidx.credentials:credentials-play-services-auth:1.2.0-rc01] AndroidManifest.xml:37:13-35
208            android:exported="false"
208-->[androidx.credentials:credentials-play-services-auth:1.2.0-rc01] AndroidManifest.xml:38:13-37
209            android:fitsSystemWindows="true"
209-->[androidx.credentials:credentials-play-services-auth:1.2.0-rc01] AndroidManifest.xml:39:13-45
210            android:theme="@style/Theme.Hidden" >
210-->[androidx.credentials:credentials-play-services-auth:1.2.0-rc01] AndroidManifest.xml:40:13-48
211        </activity>
212
213        <uses-library
213-->[androidx.window:window:1.2.0] AndroidManifest.xml:23:9-25:40
214            android:name="androidx.window.extensions"
214-->[androidx.window:window:1.2.0] AndroidManifest.xml:24:13-54
215            android:required="false" />
215-->[androidx.window:window:1.2.0] AndroidManifest.xml:25:13-37
216        <uses-library
216-->[androidx.window:window:1.2.0] AndroidManifest.xml:26:9-28:40
217            android:name="androidx.window.sidecar"
217-->[androidx.window:window:1.2.0] AndroidManifest.xml:27:13-51
218            android:required="false" />
218-->[androidx.window:window:1.2.0] AndroidManifest.xml:28:13-37
219
220        <activity
220-->[com.google.android.gms:play-services-auth:21.0.0] AndroidManifest.xml:23:9-27:75
221            android:name="com.google.android.gms.auth.api.signin.internal.SignInHubActivity"
221-->[com.google.android.gms:play-services-auth:21.0.0] AndroidManifest.xml:24:13-93
222            android:excludeFromRecents="true"
222-->[com.google.android.gms:play-services-auth:21.0.0] AndroidManifest.xml:25:13-46
223            android:exported="false"
223-->[com.google.android.gms:play-services-auth:21.0.0] AndroidManifest.xml:26:13-37
224            android:theme="@android:style/Theme.Translucent.NoTitleBar" />
224-->[com.google.android.gms:play-services-auth:21.0.0] AndroidManifest.xml:27:13-72
225        <!--
226            Service handling Google Sign-In user revocation. For apps that do not integrate with
227            Google Sign-In, this service will never be started.
228        -->
229        <service
229-->[com.google.android.gms:play-services-auth:21.0.0] AndroidManifest.xml:33:9-37:51
230            android:name="com.google.android.gms.auth.api.signin.RevocationBoundService"
230-->[com.google.android.gms:play-services-auth:21.0.0] AndroidManifest.xml:34:13-89
231            android:exported="true"
231-->[com.google.android.gms:play-services-auth:21.0.0] AndroidManifest.xml:35:13-36
232            android:permission="com.google.android.gms.auth.api.signin.permission.REVOCATION_NOTIFICATION"
232-->[com.google.android.gms:play-services-auth:21.0.0] AndroidManifest.xml:36:13-107
233            android:visibleToInstantApps="true" />
233-->[com.google.android.gms:play-services-auth:21.0.0] AndroidManifest.xml:37:13-48
234
235        <activity
235-->[com.google.android.gms:play-services-base:18.0.1] AndroidManifest.xml:20:9-22:45
236            android:name="com.google.android.gms.common.api.GoogleApiActivity"
236-->[com.google.android.gms:play-services-base:18.0.1] AndroidManifest.xml:20:19-85
237            android:exported="false"
237-->[com.google.android.gms:play-services-base:18.0.1] AndroidManifest.xml:22:19-43
238            android:theme="@android:style/Theme.Translucent.NoTitleBar" />
238-->[com.google.android.gms:play-services-base:18.0.1] AndroidManifest.xml:21:19-78
239
240        <provider
240-->[com.google.firebase:firebase-common:21.0.0] AndroidManifest.xml:23:9-28:39
241            android:name="com.google.firebase.provider.FirebaseInitProvider"
241-->[com.google.firebase:firebase-common:21.0.0] AndroidManifest.xml:24:13-77
242            android:authorities="com.mycompany.aproom.firebaseinitprovider"
242-->[com.google.firebase:firebase-common:21.0.0] AndroidManifest.xml:25:13-72
243            android:directBootAware="true"
243-->[com.google.firebase:firebase-common:21.0.0] AndroidManifest.xml:26:13-43
244            android:exported="false"
244-->[com.google.firebase:firebase-common:21.0.0] AndroidManifest.xml:27:13-37
245            android:initOrder="100" />
245-->[com.google.firebase:firebase-common:21.0.0] AndroidManifest.xml:28:13-36
246
247        <meta-data
247-->[com.google.android.gms:play-services-basement:18.4.0] AndroidManifest.xml:6:9-122
248            android:name="com.google.android.gms.version"
248-->[com.google.android.gms:play-services-basement:18.4.0] AndroidManifest.xml:6:20-65
249            android:value="@integer/google_play_services_version" />
249-->[com.google.android.gms:play-services-basement:18.4.0] AndroidManifest.xml:6:66-119
250
251        <provider
251-->[androidx.lifecycle:lifecycle-process:2.7.0] AndroidManifest.xml:24:9-32:20
252            android:name="androidx.startup.InitializationProvider"
252-->[androidx.lifecycle:lifecycle-process:2.7.0] AndroidManifest.xml:25:13-67
253            android:authorities="com.mycompany.aproom.androidx-startup"
253-->[androidx.lifecycle:lifecycle-process:2.7.0] AndroidManifest.xml:26:13-68
254            android:exported="false" >
254-->[androidx.lifecycle:lifecycle-process:2.7.0] AndroidManifest.xml:27:13-37
255            <meta-data
255-->[androidx.lifecycle:lifecycle-process:2.7.0] AndroidManifest.xml:29:13-31:52
256                android:name="androidx.lifecycle.ProcessLifecycleInitializer"
256-->[androidx.lifecycle:lifecycle-process:2.7.0] AndroidManifest.xml:30:17-78
257                android:value="androidx.startup" />
257-->[androidx.lifecycle:lifecycle-process:2.7.0] AndroidManifest.xml:31:17-49
258            <meta-data
258-->[androidx.profileinstaller:profileinstaller:1.3.1] AndroidManifest.xml:29:13-31:52
259                android:name="androidx.profileinstaller.ProfileInstallerInitializer"
259-->[androidx.profileinstaller:profileinstaller:1.3.1] AndroidManifest.xml:30:17-85
260                android:value="androidx.startup" />
260-->[androidx.profileinstaller:profileinstaller:1.3.1] AndroidManifest.xml:31:17-49
261        </provider>
262
263        <receiver
263-->[androidx.profileinstaller:profileinstaller:1.3.1] AndroidManifest.xml:34:9-52:20
264            android:name="androidx.profileinstaller.ProfileInstallReceiver"
264-->[androidx.profileinstaller:profileinstaller:1.3.1] AndroidManifest.xml:35:13-76
265            android:directBootAware="false"
265-->[androidx.profileinstaller:profileinstaller:1.3.1] AndroidManifest.xml:36:13-44
266            android:enabled="true"
266-->[androidx.profileinstaller:profileinstaller:1.3.1] AndroidManifest.xml:37:13-35
267            android:exported="true"
267-->[androidx.profileinstaller:profileinstaller:1.3.1] AndroidManifest.xml:38:13-36
268            android:permission="android.permission.DUMP" >
268-->[androidx.profileinstaller:profileinstaller:1.3.1] AndroidManifest.xml:39:13-57
269            <intent-filter>
269-->[androidx.profileinstaller:profileinstaller:1.3.1] AndroidManifest.xml:40:13-42:29
270                <action android:name="androidx.profileinstaller.action.INSTALL_PROFILE" />
270-->[androidx.profileinstaller:profileinstaller:1.3.1] AndroidManifest.xml:41:17-91
270-->[androidx.profileinstaller:profileinstaller:1.3.1] AndroidManifest.xml:41:25-88
271            </intent-filter>
272            <intent-filter>
272-->[androidx.profileinstaller:profileinstaller:1.3.1] AndroidManifest.xml:43:13-45:29
273                <action android:name="androidx.profileinstaller.action.SKIP_FILE" />
273-->[androidx.profileinstaller:profileinstaller:1.3.1] AndroidManifest.xml:44:17-85
273-->[androidx.profileinstaller:profileinstaller:1.3.1] AndroidManifest.xml:44:25-82
274            </intent-filter>
275            <intent-filter>
275-->[androidx.profileinstaller:profileinstaller:1.3.1] AndroidManifest.xml:46:13-48:29
276                <action android:name="androidx.profileinstaller.action.SAVE_PROFILE" />
276-->[androidx.profileinstaller:profileinstaller:1.3.1] AndroidManifest.xml:47:17-88
276-->[androidx.profileinstaller:profileinstaller:1.3.1] AndroidManifest.xml:47:25-85
277            </intent-filter>
278            <intent-filter>
278-->[androidx.profileinstaller:profileinstaller:1.3.1] AndroidManifest.xml:49:13-51:29
279                <action android:name="androidx.profileinstaller.action.BENCHMARK_OPERATION" />
279-->[androidx.profileinstaller:profileinstaller:1.3.1] AndroidManifest.xml:50:17-95
279-->[androidx.profileinstaller:profileinstaller:1.3.1] AndroidManifest.xml:50:25-92
280            </intent-filter>
281        </receiver>
282
283        <service
283-->[com.google.android.datatransport:transport-runtime:3.1.9] AndroidManifest.xml:26:9-30:19
284            android:name="com.google.android.datatransport.runtime.scheduling.jobscheduling.JobInfoSchedulerService"